<?xml version="1.0" encoding="UTF-8" ?>
<testsuite errors="1" failures="0" hostname="iDevice-PC" name="com.bobliou.chessgame.Game.GameEngineTest" skipped="0" tests="4" time="2.803" timestamp="2020-10-30T10:53:41">
  <properties>
[...]
</properties>
  <testcase classname="com.bobliou.chessgame.Game.GameEngineTest" name="testReset" time="0.002" />
  <testcase classname="com.bobliou.chessgame.Game.GameEngineTest" name="testLoadExistingGame" time="0.001" />
  <testcase classname="com.bobliou.chessgame.Game.GameEngineTest" name="testProcessMove" time="1.677">
    <error type="java.lang.NullPointerException">java.lang.NullPointerException
	at com.bobliou.chessgame.Game.GameEngine.processMove(GameEngine.java:241)
	at com.bobliou.chessgame.Game.GameEngineTest.testProcessMove(GameEngineTest.java:78)
</error>
  </testcase>
  <testcase classname="com.bobliou.chessgame.Game.GameEngineTest" name="testShowMessage" time="0.722" />
  <system-out><![CDATA[reset
load existing game
process move
show message
]]></system-out>
  <system-err><![CDATA[]]></system-err>
</testsuite>
